<?xml version="1.0" encoding="UTF-8"?>
<!-- Generated by org.testng.reporters.JUnitXMLReporter -->
<testsuite ignored="0" hostname="BLR-STR-DEEPAN" failures="0" tests="4" name="Default test" time="30.646" errors="0" timestamp="2019-10-15T17:08:41 IST">
  <testcase classname="com.stackroute.testcases.UserLoginValidationTest" name="f" time="8.425"/>
  <testcase classname="com.stackroute.testcases.UserLoginValidationTest" name="f" time="4.262"/>
  <testcase classname="com.stackroute.testcases.UserLoginValidationTest" name="f" time="4.336"/>
  <testcase classname="com.stackroute.testcases.UserLoginValidationTest" name="f" time="6.829"/>
</testsuite> <!-- Default test -->
