<?xml version="1.0" encoding="UTF-8"?>
<!-- Generated by org.testng.reporters.JUnitXMLReporter -->
<testsuite ignored="3" hostname="BLR-STR-DEEPAN" failures="0" tests="9" name="Smoke Testing 2" time="46.03" errors="0" timestamp="2019-10-16T17:12:56 IST">
  <testcase classname="com.stackroute.testcases.LoginTest" name="sample1_from_loginTest" time="0.004"/>
  <testcase classname="com.stackroute.testcases.TestClass_3" name="sample1_from_testclass_3" time="0.0"/>
  <testcase classname="com.stackroute.testcases.TestClass_3" name="sample2_from_testclass_3" time="0.001"/>
  <testcase classname="com.stackroute.testcases.TestClass_3" name="sample3_from_testclass_3" time="0.0"/>
  <testcase classname="com.stackroute.testcases.TestClass_4" name="sample1_from_testclass_4" time="0.0"/>
  <testcase classname="com.stackroute.testcases.TestClass_4" name="sample2_from_testclass_4" time="0.001"/>
  <testcase classname="com.stackroute.testcases.TestClass_4" name="sample3_from_testclass_4" time="0.0"/>
  <testcase classname="com.stackroute.testcases.UserLoginValidationTest" name="sample1_from_user_validation" time="0.001"/>
  <testcase classname="com.stackroute.testcases.UserLoginValidationTest" name="sample2_from_user_validation" time="0.0"/>
  <testcase classname="com.stackroute.testcases.LoginTest" name="f" time="0.0">
    <ignored/>
  </testcase> <!-- f -->
  <testcase classname="com.stackroute.testcases.UserLoginValidationTest" name="validateUser" time="0.0">
    <ignored/>
  </testcase> <!-- validateUser -->
  <testcase classname="com.stackroute.testcases.LoginTest" name="sample2_from_loginTest" time="0.0">
    <ignored/>
  </testcase> <!-- sample2_from_loginTest -->
</testsuite> <!-- Smoke Testing 2 -->
