<?xml version="1.0" encoding="UTF-8"?>
<!-- Generated by org.testng.reporters.JUnitXMLReporter -->
<testsuite ignored="2" hostname="BLR-STR-DEEPAN" failures="0" tests="11" name="Command line test" time="36.686" errors="0" timestamp="2019-10-16T15:42:44 IST">
  <testcase classname="com.stackroute.testcases.TestClass_5" name="sample2_from_testclass_5" time="0.006"/>
  <testcase classname="com.stackroute.testcases.TestClass_4" name="sample1_from_testclass_4" time="0.002"/>
  <testcase classname="com.stackroute.testcases.TestClass_4" name="sample2_from_testclass_4" time="0.001"/>
  <testcase classname="com.stackroute.testcases.TestClass_4" name="sample3_from_testclass_4" time="0.0"/>
  <testcase classname="com.stackroute.testcases.TestClass_3" name="sample1_from_testclass_3" time="0.001"/>
  <testcase classname="com.stackroute.testcases.TestClass_3" name="sample2_from_testclass_3" time="0.0"/>
  <testcase classname="com.stackroute.testcases.TestClass_3" name="sample3_from_testclass_3" time="0.003"/>
  <testcase classname="com.stackroute.testcases.LoginTest" name="sample1_from_loginTest" time="0.0"/>
  <testcase classname="com.stackroute.testcases.LoginTest" name="sample2_from_loginTest" time="0.0"/>
  <testcase classname="com.stackroute.testcases.UserLoginValidationTest" name="sample1_from_user_validation" time="0.001"/>
  <testcase classname="com.stackroute.testcases.UserLoginValidationTest" name="sample2_from_user_validation" time="0.001"/>
  <testcase classname="com.stackroute.testcases.LoginTest" name="f" time="0.0">
    <ignored/>
  </testcase> <!-- f -->
  <testcase classname="com.stackroute.testcases.UserLoginValidationTest" name="validateUser" time="0.0">
    <ignored/>
  </testcase> <!-- validateUser -->
</testsuite> <!-- Command line test -->
