<?xml version="1.0" encoding="UTF-8"?>
<testsuite xmlns:xsi="http://www.w3.org/2001/XMLSchema-instance" xsi:noNamespaceSchemaLocation="https://maven.apache.org/surefire/maven-surefire-plugin/xsd/surefire-test-report.xsd" name="TestSuite" time="46.719" tests="9" errors="0" skipped="0" failures="0">
  <properties>
[...]
</properties>
  <testcase name="sample1_from_loginTest" classname="com.stackroute.testcases.LoginTest" time="0.005"/>
  <testcase name="sample1_from_testclass_3" classname="com.stackroute.testcases.TestClass_3" time="0"/>
  <testcase name="sample2_from_testclass_3" classname="com.stackroute.testcases.TestClass_3" time="0.001"/>
  <testcase name="sample3_from_testclass_3" classname="com.stackroute.testcases.TestClass_3" time="0"/>
  <testcase name="sample1_from_testclass_4" classname="com.stackroute.testcases.TestClass_4" time="0"/>
  <testcase name="sample2_from_testclass_4" classname="com.stackroute.testcases.TestClass_4" time="0"/>
  <testcase name="sample3_from_testclass_4" classname="com.stackroute.testcases.TestClass_4" time="0"/>
  <testcase name="sample1_from_user_validation" classname="com.stackroute.testcases.UserLoginValidationTest" time="0"/>
  <testcase name="sample2_from_user_validation" classname="com.stackroute.testcases.UserLoginValidationTest" time="0"/>
</testsuite>