<?xml version="1.0" encoding="UTF-8"?>
<testng-results ignored="3" total="12" passed="9" failed="0" skipped="0">
  <reporter-output>
    <line>
      <![CDATA[sample1_from_loginTest started successfully]]>
    </line>
    <line>
      <![CDATA[sample1_from_loginTest SUCCESS]]>
    </line>
    <line>
      <![CDATA[sample1_from_testclass_3 started successfully]]>
    </line>
    <line>
      <![CDATA[sample1_from_testclass_3 SUCCESS]]>
    </line>
    <line>
      <![CDATA[sample2_from_testclass_3 started successfully]]>
    </line>
    <line>
      <![CDATA[sample2_from_testclass_3 SUCCESS]]>
    </line>
    <line>
      <![CDATA[sample3_from_testclass_3 started successfully]]>
    </line>
    <line>
      <![CDATA[sample3_from_testclass_3 SUCCESS]]>
    </line>
    <line>
      <![CDATA[sample1_from_testclass_4 started successfully]]>
    </line>
    <line>
      <![CDATA[sample1_from_testclass_4 SUCCESS]]>
    </line>
    <line>
      <![CDATA[sample2_from_testclass_4 started successfully]]>
    </line>
    <line>
      <![CDATA[sample2_from_testclass_4 SUCCESS]]>
    </line>
    <line>
      <![CDATA[sample3_from_testclass_4 started successfully]]>
    </line>
    <line>
      <![CDATA[sample3_from_testclass_4 SUCCESS]]>
    </line>
    <line>
      <![CDATA[sample1_from_user_validation started successfully]]>
    </line>
    <line>
      <![CDATA[sample1_from_user_validation SUCCESS]]>
    </line>
    <line>
      <![CDATA[sample2_from_user_validation started successfully]]>
    </line>
    <line>
      <![CDATA[sample2_from_user_validation SUCCESS]]>
    </line>
  </reporter-output>
  <suite started-at="2019-10-16T17:12:10 IST" name="Login tests" finished-at="2019-10-16T17:12:56 IST" duration-ms="46030">
    <groups>
      <group name="smoke">
        <method signature="LoginTest.sample1_from_loginTest()[pri:0, instance:com.stackroute.testcases.LoginTest@408d971b]" name="sample1_from_loginTest" class="com.stackroute.testcases.LoginTest"/>
        <method signature="TestClass_3.sample1_from_testclass_3()[pri:0, instance:com.stackroute.testcases.TestClass_3@6c6cb480]" name="sample1_from_testclass_3" class="com.stackroute.testcases.TestClass_3"/>
        <method signature="TestClass_4.sample1_from_testclass_4()[pri:0, instance:com.stackroute.testcases.TestClass_4@3c46e67a]" name="sample1_from_testclass_4" class="com.stackroute.testcases.TestClass_4"/>
        <method signature="UserLoginValidationTest.sample1_from_user_validation()[pri:0, instance:com.stackroute.testcases.UserLoginValidationTest@c730b35]" name="sample1_from_user_validation" class="com.stackroute.testcases.UserLoginValidationTest"/>
      </group> <!-- smoke -->
    </groups>
    <test started-at="2019-10-16T17:12:10 IST" name="Smoke Testing 2" finished-at="2019-10-16T17:12:56 IST" duration-ms="46030">
      <class name="com.stackroute.testcases.TestClass_3">
        <test-method is-config="true" signature="beforeClass()[pri:0, instance:com.stackroute.testcases.TestClass_3@6c6cb480]" started-at="2019-10-16T17:12:37 IST" name="beforeClass" finished-at="2019-10-16T17:12:42 IST" duration-ms="5300" status="PASS">
          <reporter-output>
          </reporter-output>
        </test-method> <!-- beforeClass -->
        <test-method signature="sample2_from_testclass_3()[pri:0, instance:com.stackroute.testcases.TestClass_3@6c6cb480]" started-at="2019-10-16T17:12:42 IST" name="sample2_from_testclass_3" finished-at="2019-10-16T17:12:42 IST" duration-ms="1" status="PASS">
          <reporter-output>
            <line>
              <![CDATA[sample2_from_testclass_3 started successfully]]>
            </line>
            <line>
              <![CDATA[sample2_from_testclass_3 SUCCESS]]>
            </line>
          </reporter-output>
        </test-method> <!-- sample2_from_testclass_3 -->
        <test-method signature="sample1_from_testclass_3()[pri:0, instance:com.stackroute.testcases.TestClass_3@6c6cb480]" started-at="2019-10-16T17:12:42 IST" name="sample1_from_testclass_3" finished-at="2019-10-16T17:12:42 IST" duration-ms="0" status="PASS">
          <reporter-output>
            <line>
              <![CDATA[sample1_from_testclass_3 started successfully]]>
            </line>
            <line>
              <![CDATA[sample1_from_testclass_3 SUCCESS]]>
            </line>
          </reporter-output>
        </test-method> <!-- sample1_from_testclass_3 -->
        <test-method is-config="true" signature="afterClass()[pri:0, instance:com.stackroute.testcases.TestClass_3@6c6cb480]" started-at="2019-10-16T17:12:42 IST" name="afterClass" finished-at="2019-10-16T17:12:44 IST" duration-ms="1902" status="PASS">
          <reporter-output>
          </reporter-output>
        </test-method> <!-- afterClass -->
        <test-method signature="sample3_from_testclass_3()[pri:0, instance:com.stackroute.testcases.TestClass_3@6c6cb480]" started-at="2019-10-16T17:12:42 IST" name="sample3_from_testclass_3" finished-at="2019-10-16T17:12:42 IST" duration-ms="0" status="PASS">
          <reporter-output>
            <line>
              <![CDATA[sample3_from_testclass_3 started successfully]]>
            </line>
            <line>
              <![CDATA[sample3_from_testclass_3 SUCCESS]]>
            </line>
          </reporter-output>
        </test-method> <!-- sample3_from_testclass_3 -->
      </class> <!-- com.stackroute.testcases.TestClass_3 -->
      <class name="com.stackroute.testcases.UserLoginValidationTest">
        <test-method is-config="true" signature="beforeClass()[pri:0, instance:com.stackroute.testcases.UserLoginValidationTest@c730b35]" started-at="2019-10-16T17:12:50 IST" name="beforeClass" finished-at="2019-10-16T17:12:54 IST" duration-ms="4089" status="PASS">
          <reporter-output>
          </reporter-output>
        </test-method> <!-- beforeClass -->
        <test-method signature="sample1_from_user_validation()[pri:0, instance:com.stackroute.testcases.UserLoginValidationTest@c730b35]" started-at="2019-10-16T17:12:54 IST" name="sample1_from_user_validation" finished-at="2019-10-16T17:12:54 IST" duration-ms="1" status="PASS">
          <reporter-output>
            <line>
              <![CDATA[sample1_from_user_validation started successfully]]>
            </line>
            <line>
              <![CDATA[sample1_from_user_validation SUCCESS]]>
            </line>
          </reporter-output>
        </test-method> <!-- sample1_from_user_validation -->
        <test-method is-config="true" signature="afterClass()[pri:0, instance:com.stackroute.testcases.UserLoginValidationTest@c730b35]" started-at="2019-10-16T17:12:54 IST" name="afterClass" finished-at="2019-10-16T17:12:56 IST" duration-ms="2087" status="PASS">
          <reporter-output>
          </reporter-output>
        </test-method> <!-- afterClass -->
        <test-method signature="sample2_from_user_validation()[pri:0, instance:com.stackroute.testcases.UserLoginValidationTest@c730b35]" started-at="2019-10-16T17:12:54 IST" name="sample2_from_user_validation" finished-at="2019-10-16T17:12:54 IST" duration-ms="0" status="PASS">
          <reporter-output>
            <line>
              <![CDATA[sample2_from_user_validation started successfully]]>
            </line>
            <line>
              <![CDATA[sample2_from_user_validation SUCCESS]]>
            </line>
          </reporter-output>
        </test-method> <!-- sample2_from_user_validation -->
      </class> <!-- com.stackroute.testcases.UserLoginValidationTest -->
      <class name="com.stackroute.testcases.TestClass_4">
        <test-method is-config="true" signature="beforeClass()[pri:0, instance:com.stackroute.testcases.TestClass_4@3c46e67a]" started-at="2019-10-16T17:12:44 IST" name="beforeClass" finished-at="2019-10-16T17:12:48 IST" duration-ms="4024" status="PASS">
          <reporter-output>
          </reporter-output>
        </test-method> <!-- beforeClass -->
        <test-method signature="sample1_from_testclass_4()[pri:0, instance:com.stackroute.testcases.TestClass_4@3c46e67a]" started-at="2019-10-16T17:12:48 IST" name="sample1_from_testclass_4" finished-at="2019-10-16T17:12:48 IST" duration-ms="0" status="PASS">
          <reporter-output>
            <line>
              <![CDATA[sample1_from_testclass_4 started successfully]]>
            </line>
            <line>
              <![CDATA[sample1_from_testclass_4 SUCCESS]]>
            </line>
          </reporter-output>
        </test-method> <!-- sample1_from_testclass_4 -->
        <test-method signature="sample2_from_testclass_4()[pri:0, instance:com.stackroute.testcases.TestClass_4@3c46e67a]" started-at="2019-10-16T17:12:48 IST" name="sample2_from_testclass_4" finished-at="2019-10-16T17:12:48 IST" duration-ms="1" status="PASS">
          <reporter-output>
            <line>
              <![CDATA[sample2_from_testclass_4 started successfully]]>
            </line>
            <line>
              <![CDATA[sample2_from_testclass_4 SUCCESS]]>
            </line>
          </reporter-output>
        </test-method> <!-- sample2_from_testclass_4 -->
        <test-method signature="sample3_from_testclass_4()[pri:0, instance:com.stackroute.testcases.TestClass_4@3c46e67a]" started-at="2019-10-16T17:12:48 IST" name="sample3_from_testclass_4" finished-at="2019-10-16T17:12:48 IST" duration-ms="0" status="PASS">
          <reporter-output>
            <line>
              <![CDATA[sample3_from_testclass_4 started successfully]]>
            </line>
            <line>
              <![CDATA[sample3_from_testclass_4 SUCCESS]]>
            </line>
          </reporter-output>
        </test-method> <!-- sample3_from_testclass_4 -->
        <test-method is-config="true" signature="afterClass()[pri:0, instance:com.stackroute.testcases.TestClass_4@3c46e67a]" started-at="2019-10-16T17:12:48 IST" name="afterClass" finished-at="2019-10-16T17:12:50 IST" duration-ms="1888" status="PASS">
          <reporter-output>
          </reporter-output>
        </test-method> <!-- afterClass -->
      </class> <!-- com.stackroute.testcases.TestClass_4 -->
      <class name="com.stackroute.testcases.LoginTest">
        <test-method is-config="true" signature="beforeClass()[pri:0, instance:com.stackroute.testcases.LoginTest@408d971b]" started-at="2019-10-16T17:12:10 IST" name="beforeClass" finished-at="2019-10-16T17:12:33 IST" duration-ms="23375" status="PASS">
          <reporter-output>
          </reporter-output>
        </test-method> <!-- beforeClass -->
        <test-method signature="sample1_from_loginTest()[pri:0, instance:com.stackroute.testcases.LoginTest@408d971b]" started-at="2019-10-16T17:12:33 IST" name="sample1_from_loginTest" finished-at="2019-10-16T17:12:33 IST" duration-ms="4" status="PASS">
          <reporter-output>
            <line>
              <![CDATA[sample1_from_loginTest started successfully]]>
            </line>
            <line>
              <![CDATA[sample1_from_loginTest SUCCESS]]>
            </line>
          </reporter-output>
        </test-method> <!-- sample1_from_loginTest -->
        <test-method is-config="true" signature="afterClass()[pri:0, instance:com.stackroute.testcases.LoginTest@408d971b]" started-at="2019-10-16T17:12:33 IST" name="afterClass" finished-at="2019-10-16T17:12:37 IST" duration-ms="3324" status="PASS">
          <reporter-output>
          </reporter-output>
        </test-method> <!-- afterClass -->
      </class> <!-- com.stackroute.testcases.LoginTest -->
    </test> <!-- Smoke Testing 2 -->
  </suite> <!-- Login tests -->
</testng-results>
